2025-10-20 04:41:25.669  INFO 28852 --- [main] o.s.boot.SpringApplication               : 
  .   ____          _            __ _ _
 /\\ / ___'_ __ _ _(_)_ __  __ _ \ \ \ \
( ( )\___ | '_ | '_| | '_ \/ _` | \ \ \ \
 \\/  ___)| |_)| | | | | || (_| |  ) ) ) )
  '  |____| .__|_| |_|_| |_\__, | / / / /
 =========|_|==============|___/=/_/_/_/
 :: Spring Boot ::                (v2.6.6)


2025-10-20 04:41:25.898  INFO 28852 --- [main] lavalink.server.Launcher                 : Starting Launcher using Java 17.0.16 on LAPTOP-CCPMS8VG with PID 28852 (F:\Angel bot\Lavalink.jar started by mohit in F:\Angel bot)
2025-10-20 04:41:25.903  INFO 28852 --- [main] lavalink.server.Launcher                 : No active profile set, falling back to 1 default profile: "default"
2025-10-20 04:41:28.852  INFO 28852 --- [main] lavalink.server.Launcher                 : Started Launcher in 4.894 seconds (JVM running for 7.55)
2025-10-20 04:41:28.867  INFO 28852 --- [main] lavalink.server.Launcher                 : You can safely ignore the big red warning about illegal reflection. See https://github.com/lavalink-devs/Lavalink/issues/295
2025-10-20 04:41:29.390  INFO 28852 --- [main] lavalink.server.Launcher                 : 

[32m       .  [31m _                  _ _       _    [32m__ _ _
[32m      /\\ [31m| | __ ___   ____ _| (_)_ __ | | __[32m\ \ \ \
[32m     ( ( )[31m| |/ _` \ \ / / _` | | | '_ \| |/ /[32m \ \ \ \
[32m      \\/ [31m| | (_| |\ V / (_| | | | | | |   < [32m  ) ) ) )
[32m       '  [31m|_|\__,_| \_/ \__,_|_|_|_| |_|_|\_\[32m / / / /
[0m    =========================================[32m/_/_/_/[0m

	Version:        3.7.11
	Build time:     10.03.2024 17:31:45 UTC
	Branch          HEAD
	Commit:         0aa718c
	Commit time:    10.03.2024 17:17:40 UTC
	JVM:            17.0.16
	Lavaplayer      1.5.3

2025-10-20 04:41:29.406  INFO 28852 --- [main] o.s.boot.SpringApplication               : 
  .   ____          _            __ _ _
 /\\ / ___'_ __ _ _(_)_ __  __ _ \ \ \ \
( ( )\___ | '_ | '_| | '_ \/ _` | \ \ \ \
 \\/  ___)| |_)| | | | | || (_| |  ) ) ) )
  '  |____| .__|_| |_|_| |_\__, | / / / /
 =========|_|==============|___/=/_/_/_/
 :: Spring Boot ::                (v2.6.6)


2025-10-20 04:41:29.429  INFO 28852 --- [main] lavalink.server.Launcher                 : No active profile set, falling back to 1 default profile: "default"
2025-10-20 04:41:32.710  WARN 28852 --- [main] io.undertow.websockets.jsr               : UT026010: Buffer pool was not set on WebSocketDeploymentInfo, the default pool will be used
2025-10-20 04:41:32.810  INFO 28852 --- [main] io.undertow.servlet                      : Initializing Spring embedded WebApplicationContext
2025-10-20 04:41:32.811  INFO 28852 --- [main] w.s.c.ServletWebServerApplicationContext : Root WebApplicationContext: initialization completed in 3355 ms
2025-10-20 04:41:33.611  INFO 28852 --- [main] c.s.d.l.tools.GarbageCollectionMonitor   : GC monitoring enabled, reporting results every 2 minutes.
2025-10-20 04:41:36.566  INFO 28852 --- [main] lavalink.server.config.KoeConfiguration  : OS: WINDOWS, Arch: X86_64
2025-10-20 04:41:36.567  INFO 28852 --- [main] lavalink.server.config.KoeConfiguration  : Enabling JDA-NAS
2025-10-20 04:41:36.577  INFO 28852 --- [main] c.s.l.c.natives.NativeLibraryLoader      : Native library udpqueue: loading with filter null
2025-10-20 04:41:36.598  INFO 28852 --- [main] c.s.l.c.natives.NativeLibraryLoader      : Native library udpqueue: successfully loaded.
2025-10-20 04:41:36.667  WARN 28852 --- [main] l.server.config.SentryConfiguration      : Turning off sentry
2025-10-20 04:41:37.686  INFO 28852 --- [main] io.undertow                              : starting server: Undertow - 2.2.16.Final
2025-10-20 04:41:37.725  INFO 28852 --- [main] org.xnio                                 : XNIO version 3.8.6.Final
2025-10-20 04:41:37.763  INFO 28852 --- [main] org.xnio.nio                             : XNIO NIO Implementation Version 3.8.6.Final
2025-10-20 04:41:37.967  INFO 28852 --- [main] org.jboss.threads                        : JBoss Threads version 3.1.0.Final
2025-10-20 04:41:38.114  INFO 28852 --- [main] o.s.b.w.e.undertow.UndertowWebServer     : Undertow started on port(s) 2334 (http)
2025-10-20 04:41:38.125  INFO 28852 --- [main] lavalink.server.Launcher                 : Started Launcher in 9.136 seconds (JVM running for 16.823)
2025-10-20 04:41:38.129  INFO 28852 --- [main] lavalink.server.Launcher                 : Lavalink is ready to accept connections.
2025-10-20 04:44:00.235  INFO 28852 --- [SpringApplicationShutdownHook] io.undertow                              : stopping server: Undertow - 2.2.16.Final
2025-10-20 04:44:00.247  INFO 28852 --- [SpringApplicationShutdownHook] c.s.d.l.tools.GarbageCollectionMonitor   : GC monitoring disabled.
2025-10-20 04:44:20.937  INFO 25908 --- [main] o.s.boot.SpringApplication               : 
  .   ____          _            __ _ _
 /\\ / ___'_ __ _ _(_)_ __  __ _ \ \ \ \
( ( )\___ | '_ | '_| | '_ \/ _` | \ \ \ \
 \\/  ___)| |_)| | | | | || (_| |  ) ) ) )
  '  |____| .__|_| |_|_| |_\__, | / / / /
 =========|_|==============|___/=/_/_/_/
 :: Spring Boot ::                (v2.6.6)


2025-10-20 04:44:21.206  INFO 25908 --- [main] lavalink.server.Launcher                 : Starting Launcher using Java 17.0.16 on LAPTOP-CCPMS8VG with PID 25908 (F:\Angel bot\Lavalink.jar started by mohit in F:\Angel bot)
2025-10-20 04:44:21.209  INFO 25908 --- [main] lavalink.server.Launcher                 : No active profile set, falling back to 1 default profile: "default"
2025-10-20 04:44:23.969  INFO 25908 --- [main] lavalink.server.Launcher                 : Started Launcher in 4.865 seconds (JVM running for 7.189)
2025-10-20 04:44:24.007  INFO 25908 --- [main] lavalink.server.Launcher                 : You can safely ignore the big red warning about illegal reflection. See https://github.com/lavalink-devs/Lavalink/issues/295
2025-10-20 04:44:24.447  INFO 25908 --- [main] lavalink.server.Launcher                 : 

[32m       .  [31m _                  _ _       _    [32m__ _ _
[32m      /\\ [31m| | __ ___   ____ _| (_)_ __ | | __[32m\ \ \ \
[32m     ( ( )[31m| |/ _` \ \ / / _` | | | '_ \| |/ /[32m \ \ \ \
[32m      \\/ [31m| | (_| |\ V / (_| | | | | | |   < [32m  ) ) ) )
[32m       '  [31m|_|\__,_| \_/ \__,_|_|_|_| |_|_|\_\[32m / / / /
[0m    =========================================[32m/_/_/_/[0m

	Version:        3.7.11
	Build time:     10.03.2024 17:31:45 UTC
	Branch          HEAD
	Commit:         0aa718c
	Commit time:    10.03.2024 17:17:40 UTC
	JVM:            17.0.16
	Lavaplayer      1.5.3

2025-10-20 04:44:24.464  INFO 25908 --- [main] o.s.boot.SpringApplication               : 
  .   ____          _            __ _ _
 /\\ / ___'_ __ _ _(_)_ __  __ _ \ \ \ \
( ( )\___ | '_ | '_| | '_ \/ _` | \ \ \ \
 \\/  ___)| |_)| | | | | || (_| |  ) ) ) )
  '  |____| .__|_| |_|_| |_\__, | / / / /
 =========|_|==============|___/=/_/_/_/
 :: Spring Boot ::                (v2.6.6)


2025-10-20 04:44:24.487  INFO 25908 --- [main] lavalink.server.Launcher                 : No active profile set, falling back to 1 default profile: "default"
2025-10-20 04:44:29.153  WARN 25908 --- [main] io.undertow.websockets.jsr               : UT026010: Buffer pool was not set on WebSocketDeploymentInfo, the default pool will be used
2025-10-20 04:44:29.215  INFO 25908 --- [main] io.undertow.servlet                      : Initializing Spring embedded WebApplicationContext
2025-10-20 04:44:29.216  INFO 25908 --- [main] w.s.c.ServletWebServerApplicationContext : Root WebApplicationContext: initialization completed in 4713 ms
2025-10-20 04:44:29.882  INFO 25908 --- [main] c.s.d.l.tools.GarbageCollectionMonitor   : GC monitoring enabled, reporting results every 2 minutes.
2025-10-20 04:44:32.655  INFO 25908 --- [main] lavalink.server.config.KoeConfiguration  : OS: WINDOWS, Arch: X86_64
2025-10-20 04:44:32.658  INFO 25908 --- [main] lavalink.server.config.KoeConfiguration  : Enabling JDA-NAS
2025-10-20 04:44:32.677  INFO 25908 --- [main] c.s.l.c.natives.NativeLibraryLoader      : Native library udpqueue: loading with filter null
2025-10-20 04:44:32.703  INFO 25908 --- [main] c.s.l.c.natives.NativeLibraryLoader      : Native library udpqueue: successfully loaded.
2025-10-20 04:44:32.815  WARN 25908 --- [main] l.server.config.SentryConfiguration      : Turning off sentry
2025-10-20 04:44:33.929  INFO 25908 --- [main] io.undertow                              : starting server: Undertow - 2.2.16.Final
2025-10-20 04:44:33.963  INFO 25908 --- [main] org.xnio                                 : XNIO version 3.8.6.Final
2025-10-20 04:44:33.998  INFO 25908 --- [main] org.xnio.nio                             : XNIO NIO Implementation Version 3.8.6.Final
2025-10-20 04:44:34.165  INFO 25908 --- [main] org.jboss.threads                        : JBoss Threads version 3.1.0.Final
2025-10-20 04:44:34.291  INFO 25908 --- [main] o.s.b.w.e.undertow.UndertowWebServer     : Undertow started on port(s) 2334 (http)
2025-10-20 04:44:34.302  INFO 25908 --- [main] lavalink.server.Launcher                 : Started Launcher in 10.267 seconds (JVM running for 17.524)
2025-10-20 04:44:34.306  INFO 25908 --- [main] lavalink.server.Launcher                 : Lavalink is ready to accept connections.
